{"/Users/juancvegao/Documents/PROGRAMMING/REACT/ejerciciosUniversidad/applicationGitHub/famous_quotes_cookies/backend/app.js": {"path":"/Users/juancvegao/Documents/PROGRAMMING/REACT/ejerciciosUniversidad/applicationGitHub/famous_quotes_cookies/backend/app.js","statementMap":{"0":{"start":{"line":15,"column":2},"end":{"line":15,"column":36}},"1":{"start":{"line":16,"column":2},"end":{"line":16,"column":40}},"2":{"start":{"line":20,"column":14},"end":{"line":20,"column":23}},"3":{"start":{"line":22,"column":2},"end":{"line":22,"column":71}},"4":{"start":{"line":35,"column":2},"end":{"line":43,"column":4}},"5":{"start":{"line":36,"column":2},"end":{"line":36,"column":72}},"6":{"start":{"line":39,"column":2},"end":{"line":39,"column":74}},"7":{"start":{"line":40,"column":2},"end":{"line":40,"column":79}},"8":{"start":{"line":41,"column":2},"end":{"line":41,"column":60}},"9":{"start":{"line":42,"column":2},"end":{"line":42,"column":8}},"10":{"start":{"line":45,"column":2},"end":{"line":45,"column":25}},"11":{"start":{"line":46,"column":2},"end":{"line":46,"column":25}},"12":{"start":{"line":48,"column":2},"end":{"line":50,"column":97}},"13":{"start":{"line":49,"column":15},"end":{"line":49,"column":65}},"14":{"start":{"line":50,"column":21},"end":{"line":50,"column":96}},"15":{"start":{"line":52,"column":2},"end":{"line":52,"column":29}},"16":{"start":{"line":53,"column":2},"end":{"line":53,"column":39}},"17":{"start":{"line":54,"column":2},"end":{"line":54,"column":28}},"18":{"start":{"line":55,"column":2},"end":{"line":55,"column":48}},"19":{"start":{"line":56,"column":2},"end":{"line":56,"column":28}},"20":{"start":{"line":58,"column":2},"end":{"line":58,"column":12}}},"fnMap":{"0":{"name":"createApp","decl":{"start":{"line":13,"column":9},"end":{"line":13,"column":18}},"loc":{"start":{"line":13,"column":20},"end":{"line":59,"column":1}},"line":13},"1":{"name":"(anonymous_1)","decl":{"start":{"line":35,"column":10},"end":{"line":35,"column":11}},"loc":{"start":{"line":35,"column":30},"end":{"line":43,"column":3}},"line":35},"2":{"name":"(anonymous_2)","decl":{"start":{"line":49,"column":10},"end":{"line":49,"column":11}},"loc":{"start":{"line":49,"column":15},"end":{"line":49,"column":65}},"line":49},"3":{"name":"(anonymous_3)","decl":{"start":{"line":50,"column":11},"end":{"line":50,"column":12}},"loc":{"start":{"line":50,"column":21},"end":{"line":50,"column":96}},"line":50}},"branchMap":{},"s":{"0":3,"1":3,"2":3,"3":3,"4":3,"5":3,"6":3,"7":3,"8":3,"9":3,"10":3,"11":3,"12":3,"13":3,"14":0,"15":3,"16":3,"17":3,"18":3,"19":3,"20":3},"f":{"0":3,"1":3,"2":3,"3":0},"b":{},"inputSourceMap":null,"_coverageSchema":"1a1c01bbd47fc00a2c39e90264f33305004495a9","hash":"f24c4ad95988598fef3cc3d93378af11182e95c8"}
,"/Users/juancvegao/Documents/PROGRAMMING/REACT/ejerciciosUniversidad/applicationGitHub/famous_quotes_cookies/backend/controllers/googleAuth_controller.js": {"path":"/Users/juancvegao/Documents/PROGRAMMING/REACT/ejerciciosUniversidad/applicationGitHub/famous_quotes_cookies/backend/controllers/googleAuth_controller.js","statementMap":{"0":{"start":{"line":7,"column":30},"end":{"line":7,"column":46}},"1":{"start":{"line":8,"column":21},"end":{"line":8,"column":37}},"2":{"start":{"line":11,"column":20},"end":{"line":21,"column":5}},"3":{"start":{"line":22,"column":4},"end":{"line":22,"column":79}},"4":{"start":{"line":23,"column":4},"end":{"line":23,"column":74}},"5":{"start":{"line":27,"column":0},"end":{"line":31,"column":1}},"6":{"start":{"line":28,"column":2},"end":{"line":28,"column":59}},"7":{"start":{"line":29,"column":4},"end":{"line":29,"column":39}},"8":{"start":{"line":36,"column":0},"end":{"line":105,"column":9}},"9":{"start":{"line":38,"column":15},"end":{"line":38,"column":29}},"10":{"start":{"line":39,"column":20},"end":{"line":58,"column":7}},"11":{"start":{"line":40,"column":18},"end":{"line":40,"column":55}},"12":{"start":{"line":41,"column":21},"end":{"line":47,"column":7}},"13":{"start":{"line":48,"column":10},"end":{"line":57,"column":17}},"14":{"start":{"line":53,"column":30},"end":{"line":53,"column":45}},"15":{"start":{"line":55,"column":16},"end":{"line":55,"column":61}},"16":{"start":{"line":56,"column":16},"end":{"line":56,"column":47}},"17":{"start":{"line":60,"column":41},"end":{"line":60,"column":58}},"18":{"start":{"line":61,"column":25},"end":{"line":74,"column":12}},"19":{"start":{"line":70,"column":25},"end":{"line":70,"column":33}},"20":{"start":{"line":72,"column":12},"end":{"line":72,"column":50}},"21":{"start":{"line":73,"column":12},"end":{"line":73,"column":43}},"22":{"start":{"line":76,"column":25},"end":{"line":80,"column":8}},"23":{"start":{"line":82,"column":20},"end":{"line":82,"column":57}},"24":{"start":{"line":83,"column":10},"end":{"line":87,"column":13}},"25":{"start":{"line":89,"column":6},"end":{"line":104,"column":7}},"26":{"start":{"line":90,"column":10},"end":{"line":103,"column":11}},"27":{"start":{"line":91,"column":41},"end":{"line":91,"column":99}},"28":{"start":{"line":92,"column":12},"end":{"line":99,"column":13}},"29":{"start":{"line":93,"column":14},"end":{"line":93,"column":68}},"30":{"start":{"line":96,"column":14},"end":{"line":96,"column":31}},"31":{"start":{"line":97,"column":14},"end":{"line":97,"column":68}},"32":{"start":{"line":101,"column":12},"end":{"line":101,"column":29}},"33":{"start":{"line":102,"column":12},"end":{"line":102,"column":27}}},"fnMap":{"0":{"name":"getGoogleAuthURL","decl":{"start":{"line":10,"column":9},"end":{"line":10,"column":25}},"loc":{"start":{"line":10,"column":27},"end":{"line":24,"column":1}},"line":10},"1":{"name":"(anonymous_1)","decl":{"start":{"line":27,"column":32},"end":{"line":27,"column":33}},"loc":{"start":{"line":27,"column":57},"end":{"line":30,"column":1}},"line":27},"2":{"name":"(anonymous_2)","decl":{"start":{"line":36,"column":33},"end":{"line":36,"column":34}},"loc":{"start":{"line":36,"column":53},"end":{"line":105,"column":7}},"line":36},"3":{"name":"(anonymous_3)","decl":{"start":{"line":39,"column":20},"end":{"line":39,"column":21}},"loc":{"start":{"line":39,"column":32},"end":{"line":58,"column":7}},"line":39},"4":{"name":"(anonymous_4)","decl":{"start":{"line":53,"column":20},"end":{"line":53,"column":21}},"loc":{"start":{"line":53,"column":29},"end":{"line":53,"column":46}},"line":53},"5":{"name":"(anonymous_5)","decl":{"start":{"line":54,"column":21},"end":{"line":54,"column":22}},"loc":{"start":{"line":54,"column":32},"end":{"line":57,"column":15}},"line":54},"6":{"name":"(anonymous_6)","decl":{"start":{"line":70,"column":16},"end":{"line":70,"column":17}},"loc":{"start":{"line":70,"column":25},"end":{"line":70,"column":33}},"line":70},"7":{"name":"(anonymous_7)","decl":{"start":{"line":71,"column":17},"end":{"line":71,"column":18}},"loc":{"start":{"line":71,"column":28},"end":{"line":74,"column":11}},"line":71}},"branchMap":{"0":{"loc":{"start":{"line":89,"column":6},"end":{"line":104,"column":7}},"type":"if","locations":[{"start":{"line":89,"column":6},"end":{"line":104,"column":7}},{"start":{},"end":{}}],"line":89},"1":{"loc":{"start":{"line":89,"column":9},"end":{"line":89,"column":26}},"type":"binary-expr","locations":[{"start":{"line":89,"column":9},"end":{"line":89,"column":19}},{"start":{"line":89,"column":21},"end":{"line":89,"column":26}}],"line":89},"2":{"loc":{"start":{"line":92,"column":12},"end":{"line":99,"column":13}},"type":"if","locations":[{"start":{"line":92,"column":12},"end":{"line":99,"column":13}},{"start":{"line":95,"column":17},"end":{"line":99,"column":13}}],"line":92}},"s":{"0":1,"1":1,"2":0,"3":0,"4":0,"5":1,"6":0,"7":0,"8":1,"9":0,"10":0,"11":0,"12":0,"13":0,"14":0,"15":0,"16":0,"17":0,"18":0,"19":0,"20":0,"21":0,"22":0,"23":0,"24":0,"25":0,"26":0,"27":0,"28":0,"29":0,"30":0,"31":0,"32":0,"33":0},"f":{"0":0,"1":0,"2":0,"3":0,"4":0,"5":0,"6":0,"7":0},"b":{"0":[0,0],"1":[0,0],"2":[0,0]},"inputSourceMap":null,"_coverageSchema":"1a1c01bbd47fc00a2c39e90264f33305004495a9","hash":"e018ad7a4f83100bb253138b7deb66271e27b5f8"}
,"/Users/juancvegao/Documents/PROGRAMMING/REACT/ejerciciosUniversidad/applicationGitHub/famous_quotes_cookies/backend/controllers/login_controller.js": {"path":"/Users/juancvegao/Documents/PROGRAMMING/REACT/ejerciciosUniversidad/applicationGitHub/famous_quotes_cookies/backend/controllers/login_controller.js","statementMap":{"0":{"start":{"line":6,"column":21},"end":{"line":6,"column":37}},"1":{"start":{"line":8,"column":0},"end":{"line":10,"column":2}},"2":{"start":{"line":9,"column":4},"end":{"line":9,"column":43}},"3":{"start":{"line":12,"column":0},"end":{"line":46,"column":1}},"4":{"start":{"line":13,"column":21},"end":{"line":13,"column":35}},"5":{"start":{"line":14,"column":22},"end":{"line":14,"column":36}},"6":{"start":{"line":15,"column":25},"end":{"line":15,"column":42}},"7":{"start":{"line":16,"column":17},"end":{"line":16,"column":68}},"8":{"start":{"line":17,"column":4},"end":{"line":17,"column":39}},"9":{"start":{"line":19,"column":23},"end":{"line":19,"column":85}},"10":{"start":{"line":20,"column":8},"end":{"line":20,"column":21}},"11":{"start":{"line":22,"column":4},"end":{"line":43,"column":5}},"12":{"start":{"line":23,"column":8},"end":{"line":40,"column":9}},"13":{"start":{"line":24,"column":12},"end":{"line":37,"column":13}},"14":{"start":{"line":25,"column":16},"end":{"line":34,"column":17}},"15":{"start":{"line":26,"column":44},"end":{"line":26,"column":61}},"16":{"start":{"line":27,"column":20},"end":{"line":31,"column":53}},"17":{"start":{"line":33,"column":20},"end":{"line":33,"column":73}},"18":{"start":{"line":36,"column":16},"end":{"line":36,"column":86}},"19":{"start":{"line":39,"column":8},"end":{"line":39,"column":51}},"20":{"start":{"line":42,"column":8},"end":{"line":42,"column":53}},"21":{"start":{"line":44,"column":4},"end":{"line":44,"column":35}}},"fnMap":{"0":{"name":"(anonymous_0)","decl":{"start":{"line":8,"column":22},"end":{"line":8,"column":23}},"loc":{"start":{"line":8,"column":47},"end":{"line":10,"column":1}},"line":8},"1":{"name":"(anonymous_1)","decl":{"start":{"line":12,"column":28},"end":{"line":12,"column":29}},"loc":{"start":{"line":12,"column":53},"end":{"line":45,"column":5}},"line":12},"2":{"name":"tokenExpiration","decl":{"start":{"line":18,"column":13},"end":{"line":18,"column":28}},"loc":{"start":{"line":18,"column":30},"end":{"line":21,"column":5}},"line":18}},"branchMap":{"0":{"loc":{"start":{"line":22,"column":4},"end":{"line":43,"column":5}},"type":"if","locations":[{"start":{"line":22,"column":4},"end":{"line":43,"column":5}},{"start":{"line":41,"column":9},"end":{"line":43,"column":5}}],"line":22},"1":{"loc":{"start":{"line":24,"column":12},"end":{"line":37,"column":13}},"type":"if","locations":[{"start":{"line":24,"column":12},"end":{"line":37,"column":13}},{"start":{"line":35,"column":17},"end":{"line":37,"column":13}}],"line":24},"2":{"loc":{"start":{"line":25,"column":16},"end":{"line":34,"column":17}},"type":"if","locations":[{"start":{"line":25,"column":16},"end":{"line":34,"column":17}},{"start":{"line":32,"column":21},"end":{"line":34,"column":17}}],"line":25}},"s":{"0":1,"1":1,"2":0,"3":1,"4":2,"5":2,"6":2,"7":2,"8":2,"9":1,"10":1,"11":2,"12":2,"13":2,"14":1,"15":1,"16":1,"17":0,"18":1,"19":0,"20":0,"21":2},"f":{"0":0,"1":2,"2":1},"b":{"0":[2,0],"1":[1,1],"2":[1,0]},"inputSourceMap":null,"_coverageSchema":"1a1c01bbd47fc00a2c39e90264f33305004495a9","hash":"3e6723703f61bf9389d8c3c5fbd99b99f4e6d8b3"}
,"/Users/juancvegao/Documents/PROGRAMMING/REACT/ejerciciosUniversidad/applicationGitHub/famous_quotes_cookies/backend/controllers/quotes_controller.js": {"path":"/Users/juancvegao/Documents/PROGRAMMING/REACT/ejerciciosUniversidad/applicationGitHub/famous_quotes_cookies/backend/controllers/quotes_controller.js","statementMap":{"0":{"start":{"line":7,"column":22},"end":{"line":7,"column":38}},"1":{"start":{"line":9,"column":4},"end":{"line":16,"column":4}},"2":{"start":{"line":10,"column":6},"end":{"line":15,"column":5}},"3":{"start":{"line":11,"column":8},"end":{"line":11,"column":32}},"4":{"start":{"line":12,"column":8},"end":{"line":12,"column":41}},"5":{"start":{"line":14,"column":8},"end":{"line":14,"column":67}},"6":{"start":{"line":18,"column":0},"end":{"line":48,"column":1}},"7":{"start":{"line":19,"column":22},"end":{"line":19,"column":39}},"8":{"start":{"line":21,"column":4},"end":{"line":46,"column":3}},"9":{"start":{"line":22,"column":6},"end":{"line":43,"column":8}},"10":{"start":{"line":23,"column":8},"end":{"line":42,"column":9}},"11":{"start":{"line":24,"column":10},"end":{"line":24,"column":34}},"12":{"start":{"line":25,"column":10},"end":{"line":25,"column":47}},"13":{"start":{"line":27,"column":32},"end":{"line":27,"column":92}},"14":{"start":{"line":28,"column":32},"end":{"line":28,"column":64}},"15":{"start":{"line":29,"column":31},"end":{"line":29,"column":49}},"16":{"start":{"line":30,"column":34},"end":{"line":30,"column":113}},"17":{"start":{"line":31,"column":34},"end":{"line":31,"column":97}},"18":{"start":{"line":33,"column":14},"end":{"line":41,"column":11}},"19":{"start":{"line":34,"column":16},"end":{"line":34,"column":40}},"20":{"start":{"line":36,"column":34},"end":{"line":39,"column":17}},"21":{"start":{"line":37,"column":40},"end":{"line":37,"column":80}},"22":{"start":{"line":38,"column":18},"end":{"line":38,"column":37}},"23":{"start":{"line":40,"column":12},"end":{"line":40,"column":43}},"24":{"start":{"line":45,"column":4},"end":{"line":45,"column":70}},"25":{"start":{"line":50,"column":0},"end":{"line":75,"column":2}},"26":{"start":{"line":51,"column":22},"end":{"line":51,"column":39}},"27":{"start":{"line":52,"column":2},"end":{"line":74,"column":3}},"28":{"start":{"line":53,"column":17},"end":{"line":53,"column":31}},"29":{"start":{"line":54,"column":20},"end":{"line":54,"column":67}},"30":{"start":{"line":55,"column":4},"end":{"line":70,"column":6}},"31":{"start":{"line":56,"column":6},"end":{"line":70,"column":5}},"32":{"start":{"line":57,"column":8},"end":{"line":68,"column":9}},"33":{"start":{"line":58,"column":10},"end":{"line":58,"column":34}},"34":{"start":{"line":59,"column":10},"end":{"line":59,"column":47}},"35":{"start":{"line":62,"column":30},"end":{"line":62,"column":116}},"36":{"start":{"line":63,"column":30},"end":{"line":63,"column":62}},"37":{"start":{"line":64,"column":10},"end":{"line":64,"column":46}},"38":{"start":{"line":65,"column":10},"end":{"line":65,"column":34}},"39":{"start":{"line":66,"column":10},"end":{"line":66,"column":30}},"40":{"start":{"line":67,"column":10},"end":{"line":67,"column":43}},"41":{"start":{"line":73,"column":6},"end":{"line":73,"column":92}},"42":{"start":{"line":77,"column":0},"end":{"line":107,"column":2}},"43":{"start":{"line":78,"column":17},"end":{"line":78,"column":34}},"44":{"start":{"line":79,"column":22},"end":{"line":79,"column":39}},"45":{"start":{"line":81,"column":2},"end":{"line":106,"column":3}},"46":{"start":{"line":82,"column":4},"end":{"line":102,"column":7}},"47":{"start":{"line":83,"column":6},"end":{"line":102,"column":5}},"48":{"start":{"line":84,"column":8},"end":{"line":84,"column":45}},"49":{"start":{"line":85,"column":8},"end":{"line":85,"column":32}},"50":{"start":{"line":86,"column":8},"end":{"line":86,"column":45}},"51":{"start":{"line":88,"column":8},"end":{"line":88,"column":86}},"52":{"start":{"line":89,"column":8},"end":{"line":89,"column":55}},"53":{"start":{"line":90,"column":29},"end":{"line":90,"column":89}},"54":{"start":{"line":91,"column":27},"end":{"line":91,"column":46}},"55":{"start":{"line":92,"column":8},"end":{"line":101,"column":7}},"56":{"start":{"line":93,"column":10},"end":{"line":93,"column":34}},"57":{"start":{"line":96,"column":28},"end":{"line":99,"column":13}},"58":{"start":{"line":97,"column":34},"end":{"line":97,"column":74}},"59":{"start":{"line":98,"column":12},"end":{"line":98,"column":31}},"60":{"start":{"line":100,"column":6},"end":{"line":100,"column":37}},"61":{"start":{"line":105,"column":4},"end":{"line":105,"column":65}}},"fnMap":{"0":{"name":"(anonymous_0)","decl":{"start":{"line":9,"column":38},"end":{"line":9,"column":39}},"loc":{"start":{"line":9,"column":57},"end":{"line":16,"column":3}},"line":9},"1":{"name":"(anonymous_1)","decl":{"start":{"line":18,"column":23},"end":{"line":18,"column":24}},"loc":{"start":{"line":18,"column":42},"end":{"line":47,"column":3}},"line":18},"2":{"name":"(anonymous_2)","decl":{"start":{"line":22,"column":47},"end":{"line":22,"column":48}},"loc":{"start":{"line":22,"column":76},"end":{"line":43,"column":7}},"line":22},"3":{"name":"(anonymous_3)","decl":{"start":{"line":36,"column":67},"end":{"line":36,"column":68}},"loc":{"start":{"line":36,"column":72},"end":{"line":39,"column":15}},"line":36},"4":{"name":"(anonymous_4)","decl":{"start":{"line":50,"column":24},"end":{"line":50,"column":25}},"loc":{"start":{"line":50,"column":43},"end":{"line":75,"column":1}},"line":50},"5":{"name":"(anonymous_5)","decl":{"start":{"line":56,"column":47},"end":{"line":56,"column":48}},"loc":{"start":{"line":56,"column":76},"end":{"line":69,"column":7}},"line":56},"6":{"name":"(anonymous_6)","decl":{"start":{"line":77,"column":33},"end":{"line":77,"column":34}},"loc":{"start":{"line":77,"column":52},"end":{"line":107,"column":1}},"line":77},"7":{"name":"(anonymous_7)","decl":{"start":{"line":82,"column":45},"end":{"line":82,"column":46}},"loc":{"start":{"line":82,"column":74},"end":{"line":102,"column":6}},"line":82},"8":{"name":"(anonymous_8)","decl":{"start":{"line":96,"column":61},"end":{"line":96,"column":62}},"loc":{"start":{"line":96,"column":66},"end":{"line":99,"column":11}},"line":96}},"branchMap":{"0":{"loc":{"start":{"line":23,"column":8},"end":{"line":42,"column":9}},"type":"if","locations":[{"start":{"line":23,"column":8},"end":{"line":42,"column":9}},{"start":{"line":26,"column":13},"end":{"line":42,"column":9}}],"line":23},"1":{"loc":{"start":{"line":33,"column":14},"end":{"line":41,"column":11}},"type":"if","locations":[{"start":{"line":33,"column":14},"end":{"line":41,"column":11}},{"start":{"line":35,"column":19},"end":{"line":41,"column":11}}],"line":33},"2":{"loc":{"start":{"line":55,"column":4},"end":{"line":70,"column":6}},"type":"if","locations":[{"start":{"line":55,"column":4},"end":{"line":70,"column":6}},{"start":{},"end":{}}],"line":55},"3":{"loc":{"start":{"line":57,"column":8},"end":{"line":68,"column":9}},"type":"if","locations":[{"start":{"line":57,"column":8},"end":{"line":68,"column":9}},{"start":{"line":60,"column":13},"end":{"line":68,"column":9}}],"line":57},"4":{"loc":{"start":{"line":83,"column":6},"end":{"line":102,"column":5}},"type":"if","locations":[{"start":{"line":83,"column":6},"end":{"line":102,"column":5}},{"start":{"line":87,"column":11},"end":{"line":102,"column":5}}],"line":83},"5":{"loc":{"start":{"line":92,"column":8},"end":{"line":101,"column":7}},"type":"if","locations":[{"start":{"line":92,"column":8},"end":{"line":101,"column":7}},{"start":{"line":94,"column":13},"end":{"line":101,"column":7}}],"line":92}},"s":{"0":1,"1":1,"2":0,"3":0,"4":0,"5":0,"6":1,"7":0,"8":0,"9":0,"10":0,"11":0,"12":0,"13":0,"14":0,"15":0,"16":0,"17":0,"18":0,"19":0,"20":0,"21":0,"22":0,"23":0,"24":0,"25":1,"26":0,"27":0,"28":0,"29":0,"30":0,"31":0,"32":0,"33":0,"34":0,"35":0,"36":0,"37":0,"38":0,"39":0,"40":0,"41":0,"42":1,"43":0,"44":0,"45":0,"46":0,"47":0,"48":0,"49":0,"50":0,"51":0,"52":0,"53":0,"54":0,"55":0,"56":0,"57":0,"58":0,"59":0,"60":0,"61":0},"f":{"0":0,"1":0,"2":0,"3":0,"4":0,"5":0,"6":0,"7":0,"8":0},"b":{"0":[0,0],"1":[0,0],"2":[0,0],"3":[0,0],"4":[0,0],"5":[0,0]},"inputSourceMap":null,"_coverageSchema":"1a1c01bbd47fc00a2c39e90264f33305004495a9","hash":"80ef5e9c33bc4de8381e5168be167071d9ebe946"}
,"/Users/juancvegao/Documents/PROGRAMMING/REACT/ejerciciosUniversidad/applicationGitHub/famous_quotes_cookies/backend/controllers/signUp_controller.js": {"path":"/Users/juancvegao/Documents/PROGRAMMING/REACT/ejerciciosUniversidad/applicationGitHub/famous_quotes_cookies/backend/controllers/signUp_controller.js","statementMap":{"0":{"start":{"line":5,"column":19},"end":{"line":5,"column":22}},"1":{"start":{"line":7,"column":22},"end":{"line":7,"column":38}},"2":{"start":{"line":9,"column":0},"end":{"line":66,"column":6}},"3":{"start":{"line":10,"column":21},"end":{"line":10,"column":35}},"4":{"start":{"line":11,"column":29},"end":{"line":11,"column":91}},"5":{"start":{"line":12,"column":30},"end":{"line":12,"column":86}},"6":{"start":{"line":14,"column":4},"end":{"line":65,"column":5}},"7":{"start":{"line":15,"column":8},"end":{"line":62,"column":9}},"8":{"start":{"line":16,"column":12},"end":{"line":16,"column":62}},"9":{"start":{"line":18,"column":13},"end":{"line":62,"column":9}},"10":{"start":{"line":19,"column":12},"end":{"line":19,"column":66}},"11":{"start":{"line":22,"column":13},"end":{"line":62,"column":9}},"12":{"start":{"line":23,"column":12},"end":{"line":23,"column":61}},"13":{"start":{"line":25,"column":13},"end":{"line":62,"column":9}},"14":{"start":{"line":26,"column":12},"end":{"line":26,"column":60}},"15":{"start":{"line":29,"column":12},"end":{"line":61,"column":14}},"16":{"start":{"line":30,"column":16},"end":{"line":60,"column":17}},"17":{"start":{"line":31,"column":20},"end":{"line":31,"column":109}},"18":{"start":{"line":32,"column":20},"end":{"line":32,"column":67}},"19":{"start":{"line":34,"column":52},"end":{"line":38,"column":21}},"20":{"start":{"line":41,"column":39},"end":{"line":41,"column":107}},"21":{"start":{"line":42,"column":24},"end":{"line":42,"column":37}},"22":{"start":{"line":45,"column":20},"end":{"line":52,"column":21}},"23":{"start":{"line":46,"column":24},"end":{"line":46,"column":68}},"24":{"start":{"line":47,"column":40},"end":{"line":47,"column":87}},"25":{"start":{"line":48,"column":24},"end":{"line":48,"column":44}},"26":{"start":{"line":50,"column":24},"end":{"line":50,"column":58}},"27":{"start":{"line":51,"column":24},"end":{"line":51,"column":72}},"28":{"start":{"line":54,"column":44},"end":{"line":54,"column":61}},"29":{"start":{"line":55,"column":20},"end":{"line":59,"column":52}},"30":{"start":{"line":64,"column":8},"end":{"line":64,"column":79}},"31":{"start":{"line":68,"column":0},"end":{"line":91,"column":2}},"32":{"start":{"line":69,"column":21},"end":{"line":69,"column":29}},"33":{"start":{"line":70,"column":23},"end":{"line":73,"column":5}},"34":{"start":{"line":75,"column":4},"end":{"line":90,"column":5}},"35":{"start":{"line":76,"column":8},"end":{"line":87,"column":9}},"36":{"start":{"line":77,"column":26},"end":{"line":77,"column":81}},"37":{"start":{"line":78,"column":12},"end":{"line":78,"column":56}},"38":{"start":{"line":79,"column":12},"end":{"line":83,"column":49}},"39":{"start":{"line":86,"column":12},"end":{"line":86,"column":83}},"40":{"start":{"line":89,"column":8},"end":{"line":89,"column":100}},"41":{"start":{"line":93,"column":0},"end":{"line":114,"column":2}},"42":{"start":{"line":94,"column":4},"end":{"line":113,"column":5}},"43":{"start":{"line":95,"column":28},"end":{"line":95,"column":45}},"44":{"start":{"line":97,"column":8},"end":{"line":110,"column":9}},"45":{"start":{"line":98,"column":12},"end":{"line":106,"column":14}},"46":{"start":{"line":99,"column":16},"end":{"line":105,"column":17}},"47":{"start":{"line":100,"column":18},"end":{"line":100,"column":100}},"48":{"start":{"line":102,"column":44},"end":{"line":102,"column":104}},"49":{"start":{"line":103,"column":20},"end":{"line":103,"column":54}},"50":{"start":{"line":104,"column":20},"end":{"line":104,"column":57}},"51":{"start":{"line":107,"column":12},"end":{"line":107,"column":25}},"52":{"start":{"line":109,"column":12},"end":{"line":109,"column":24}},"53":{"start":{"line":112,"column":8},"end":{"line":112,"column":115}}},"fnMap":{"0":{"name":"(anonymous_0)","decl":{"start":{"line":9,"column":30},"end":{"line":9,"column":31}},"loc":{"start":{"line":9,"column":55},"end":{"line":66,"column":5}},"line":9},"1":{"name":"(anonymous_1)","decl":{"start":{"line":29,"column":47},"end":{"line":29,"column":48}},"loc":{"start":{"line":29,"column":78},"end":{"line":61,"column":13}},"line":29},"2":{"name":"tokenExpiration","decl":{"start":{"line":40,"column":29},"end":{"line":40,"column":44}},"loc":{"start":{"line":40,"column":46},"end":{"line":43,"column":21}},"line":40},"3":{"name":"(anonymous_3)","decl":{"start":{"line":68,"column":28},"end":{"line":68,"column":29}},"loc":{"start":{"line":68,"column":47},"end":{"line":91,"column":1}},"line":68},"4":{"name":"(anonymous_4)","decl":{"start":{"line":93,"column":39},"end":{"line":93,"column":40}},"loc":{"start":{"line":93,"column":55},"end":{"line":114,"column":1}},"line":93},"5":{"name":"(anonymous_5)","decl":{"start":{"line":98,"column":53},"end":{"line":98,"column":54}},"loc":{"start":{"line":98,"column":82},"end":{"line":106,"column":13}},"line":98}},"branchMap":{"0":{"loc":{"start":{"line":15,"column":8},"end":{"line":62,"column":9}},"type":"if","locations":[{"start":{"line":15,"column":8},"end":{"line":62,"column":9}},{"start":{"line":18,"column":13},"end":{"line":62,"column":9}}],"line":15},"1":{"loc":{"start":{"line":18,"column":13},"end":{"line":62,"column":9}},"type":"if","locations":[{"start":{"line":18,"column":13},"end":{"line":62,"column":9}},{"start":{"line":22,"column":13},"end":{"line":62,"column":9}}],"line":18},"2":{"loc":{"start":{"line":22,"column":13},"end":{"line":62,"column":9}},"type":"if","locations":[{"start":{"line":22,"column":13},"end":{"line":62,"column":9}},{"start":{"line":25,"column":13},"end":{"line":62,"column":9}}],"line":22},"3":{"loc":{"start":{"line":25,"column":13},"end":{"line":62,"column":9}},"type":"if","locations":[{"start":{"line":25,"column":13},"end":{"line":62,"column":9}},{"start":{"line":28,"column":12},"end":{"line":62,"column":9}}],"line":25},"4":{"loc":{"start":{"line":30,"column":16},"end":{"line":60,"column":17}},"type":"if","locations":[{"start":{"line":30,"column":16},"end":{"line":60,"column":17}},{"start":{"line":33,"column":21},"end":{"line":60,"column":17}}],"line":30},"5":{"loc":{"start":{"line":75,"column":4},"end":{"line":90,"column":5}},"type":"if","locations":[{"start":{"line":75,"column":4},"end":{"line":90,"column":5}},{"start":{"line":88,"column":9},"end":{"line":90,"column":5}}],"line":75},"6":{"loc":{"start":{"line":97,"column":8},"end":{"line":110,"column":9}},"type":"if","locations":[{"start":{"line":97,"column":8},"end":{"line":110,"column":9}},{"start":{"line":108,"column":13},"end":{"line":110,"column":9}}],"line":97},"7":{"loc":{"start":{"line":99,"column":16},"end":{"line":105,"column":17}},"type":"if","locations":[{"start":{"line":99,"column":16},"end":{"line":105,"column":17}},{"start":{"line":101,"column":23},"end":{"line":105,"column":17}}],"line":99}},"s":{"0":1,"1":1,"2":1,"3":0,"4":0,"5":0,"6":0,"7":0,"8":0,"9":0,"10":0,"11":0,"12":0,"13":0,"14":0,"15":0,"16":0,"17":0,"18":0,"19":0,"20":0,"21":0,"22":0,"23":0,"24":0,"25":0,"26":0,"27":0,"28":0,"29":0,"30":0,"31":1,"32":0,"33":0,"34":0,"35":0,"36":0,"37":0,"38":0,"39":0,"40":0,"41":1,"42":0,"43":0,"44":0,"45":0,"46":0,"47":0,"48":0,"49":0,"50":0,"51":0,"52":0,"53":0},"f":{"0":0,"1":0,"2":0,"3":0,"4":0,"5":0},"b":{"0":[0,0],"1":[0,0],"2":[0,0],"3":[0,0],"4":[0,0],"5":[0,0],"6":[0,0],"7":[0,0]},"inputSourceMap":null,"_coverageSchema":"1a1c01bbd47fc00a2c39e90264f33305004495a9","hash":"30f85434353247755f587c1346588d12fa7b20bc"}
,"/Users/juancvegao/Documents/PROGRAMMING/REACT/ejerciciosUniversidad/applicationGitHub/famous_quotes_cookies/backend/models/quote.js": {"path":"/Users/juancvegao/Documents/PROGRAMMING/REACT/ejerciciosUniversidad/applicationGitHub/famous_quotes_cookies/backend/models/quote.js","statementMap":{"0":{"start":{"line":3,"column":19},"end":{"line":19,"column":33}},"1":{"start":{"line":22,"column":0},"end":{"line":30,"column":4}},"2":{"start":{"line":24,"column":6},"end":{"line":24,"column":55}},"3":{"start":{"line":25,"column":6},"end":{"line":25,"column":31}},"4":{"start":{"line":26,"column":6},"end":{"line":26,"column":31}},"5":{"start":{"line":28,"column":6},"end":{"line":28,"column":40}},"6":{"start":{"line":32,"column":26},"end":{"line":32,"column":67}}},"fnMap":{"0":{"name":"(anonymous_0)","decl":{"start":{"line":23,"column":15},"end":{"line":23,"column":16}},"loc":{"start":{"line":23,"column":45},"end":{"line":29,"column":5}},"line":23}},"branchMap":{},"s":{"0":1,"1":1,"2":0,"3":0,"4":0,"5":0,"6":1},"f":{"0":0},"b":{},"inputSourceMap":null,"_coverageSchema":"1a1c01bbd47fc00a2c39e90264f33305004495a9","hash":"650c35634c12eefd923d6576812e2c76fba0867b"}
,"/Users/juancvegao/Documents/PROGRAMMING/REACT/ejerciciosUniversidad/applicationGitHub/famous_quotes_cookies/backend/models/signUp.js": {"path":"/Users/juancvegao/Documents/PROGRAMMING/REACT/ejerciciosUniversidad/applicationGitHub/famous_quotes_cookies/backend/models/signUp.js","statementMap":{"0":{"start":{"line":3,"column":18},"end":{"line":32,"column":34}},"1":{"start":{"line":15,"column":17},"end":{"line":15,"column":51}},"2":{"start":{"line":22,"column":12},"end":{"line":22,"column":34}},"3":{"start":{"line":34,"column":0},"end":{"line":42,"column":4}},"4":{"start":{"line":36,"column":6},"end":{"line":36,"column":55}},"5":{"start":{"line":37,"column":6},"end":{"line":37,"column":31}},"6":{"start":{"line":38,"column":6},"end":{"line":38,"column":31}},"7":{"start":{"line":40,"column":6},"end":{"line":40,"column":40}},"8":{"start":{"line":44,"column":27},"end":{"line":44,"column":68}}},"fnMap":{"0":{"name":"(anonymous_0)","decl":{"start":{"line":14,"column":23},"end":{"line":14,"column":24}},"loc":{"start":{"line":14,"column":38},"end":{"line":16,"column":14}},"line":14},"1":{"name":"(anonymous_1)","decl":{"start":{"line":21,"column":18},"end":{"line":21,"column":19}},"loc":{"start":{"line":21,"column":29},"end":{"line":23,"column":11}},"line":21},"2":{"name":"(anonymous_2)","decl":{"start":{"line":35,"column":15},"end":{"line":35,"column":16}},"loc":{"start":{"line":35,"column":45},"end":{"line":41,"column":5}},"line":35}},"branchMap":{},"s":{"0":1,"1":0,"2":0,"3":1,"4":0,"5":0,"6":0,"7":0,"8":1},"f":{"0":0,"1":0,"2":0},"b":{},"inputSourceMap":null,"_coverageSchema":"1a1c01bbd47fc00a2c39e90264f33305004495a9","hash":"332e26ddd627ce9d5427cef29266610f721df4e8"}
,"/Users/juancvegao/Documents/PROGRAMMING/REACT/ejerciciosUniversidad/applicationGitHub/famous_quotes_cookies/backend/utils/config.js": {"path":"/Users/juancvegao/Documents/PROGRAMMING/REACT/ejerciciosUniversidad/applicationGitHub/famous_quotes_cookies/backend/utils/config.js","statementMap":{"0":{"start":{"line":2,"column":0},"end":{"line":2,"column":15}},"1":{"start":{"line":4,"column":13},"end":{"line":4,"column":29}},"2":{"start":{"line":5,"column":20},"end":{"line":5,"column":43}}},"fnMap":{},"branchMap":{},"s":{"0":1,"1":1,"2":1},"f":{},"b":{},"inputSourceMap":null,"_coverageSchema":"1a1c01bbd47fc00a2c39e90264f33305004495a9","hash":"e51c6b30c59fae9d090f5b27cf121edf3479ad8e"}
,"/Users/juancvegao/Documents/PROGRAMMING/REACT/ejerciciosUniversidad/applicationGitHub/famous_quotes_cookies/backend/utils/logger.js": {"path":"/Users/juancvegao/Documents/PROGRAMMING/REACT/ejerciciosUniversidad/applicationGitHub/famous_quotes_cookies/backend/utils/logger.js","statementMap":{"0":{"start":{"line":1,"column":13},"end":{"line":3,"column":1}},"1":{"start":{"line":2,"column":4},"end":{"line":2,"column":26}},"2":{"start":{"line":5,"column":14},"end":{"line":7,"column":1}},"3":{"start":{"line":6,"column":4},"end":{"line":6,"column":26}},"4":{"start":{"line":9,"column":15},"end":{"line":12,"column":1}}},"fnMap":{"0":{"name":"(anonymous_0)","decl":{"start":{"line":1,"column":13},"end":{"line":1,"column":14}},"loc":{"start":{"line":1,"column":28},"end":{"line":3,"column":1}},"line":1},"1":{"name":"(anonymous_1)","decl":{"start":{"line":5,"column":14},"end":{"line":5,"column":15}},"loc":{"start":{"line":5,"column":29},"end":{"line":7,"column":1}},"line":5}},"branchMap":{},"s":{"0":1,"1":3,"2":1,"3":0,"4":1},"f":{"0":3,"1":0},"b":{},"inputSourceMap":null,"_coverageSchema":"1a1c01bbd47fc00a2c39e90264f33305004495a9","hash":"1389b1f99d69ea9ab38ba0d957297989aafc3701"}
}
